kotlin version: 2.0.0-Beta2
error message: org.jetbrains.kotlin.backend.common.BackendException: Backend Internal error: Exception during IR lowering
File being compiled: C:/Users/91910/AndroidStudioProjects/olxjava/app/src/main/java/com/example/olxjava/ui/theme/Theme.kt
The root cause java.lang.RuntimeException was thrown at: org.jetbrains.kotlin.backend.jvm.codegen.FunctionCodegen.generate(FunctionCodegen.kt:52)
	at org.jetbrains.kotlin.backend.common.CodegenUtil.reportBackendException(CodegenUtil.kt:253)
	at org.jetbrains.kotlin.backend.common.CodegenUtil.reportBackendException$default(CodegenUtil.kt:236)
	at org.jetbrains.kotlin.backend.common.phaser.PerformByIrFilePhase.invokeSequential(performByIrFile.kt:65)
	at org.jetbrains.kotlin.backend.common.phaser.PerformByIrFilePhase.invoke(performByIrFile.kt:52)
	at org.jetbrains.kotlin.backend.common.phaser.PerformByIrFilePhase.invoke(performByIrFile.kt:38)
	at org.jetbrains.kotlin.backend.common.phaser.NamedCompilerPhase.phaseBody(CompilerPhase.kt:166)
	at org.jetbrains.kotlin.backend.common.phaser.AbstractNamedCompilerPhase.invoke(CompilerPhase.kt:113)
	at org.jetbrains.kotlin.backend.common.phaser.CompositePhase.invoke(PhaseBuilders.kt:30)
	at org.jetbrains.kotlin.backend.common.phaser.CompositePhase.invoke(PhaseBuilders.kt:17)
	at org.jetbrains.kotlin.backend.common.phaser.NamedCompilerPhase.phaseBody(CompilerPhase.kt:166)
	at org.jetbrains.kotlin.backend.common.phaser.AbstractNamedCompilerPhase.invoke(CompilerPhase.kt:113)
	at org.jetbrains.kotlin.backend.common.phaser.CompilerPhaseKt.invokeToplevel(CompilerPhase.kt:62)
	at org.jetbrains.kotlin.backend.jvm.JvmIrCodegenFactory.invokeCodegen(JvmIrCodegenFactory.kt:360)
	at org.jetbrains.kotlin.codegen.CodegenFactory.generateModule(CodegenFactory.kt:45)
	at org.jetbrains.kotlin.backend.jvm.JvmIrCodegenFactory.generateModuleInFrontendIRMode(JvmIrCodegenFactory.kt:378)
	at org.jetbrains.kotlin.cli.jvm.compiler.pipeline.CompilerPipelineKt.generateCodeFromIr(compilerPipeline.kt:260)
	at org.jetbrains.kotlin.cli.jvm.compiler.pipeline.CompilerPipelineKt.compileModulesUsingFrontendIrAndLightTree(compilerPipeline.kt:151)
	at org.jetbrains.kotlin.cli.jvm.K2JVMCompiler.doExecute(K2JVMCompiler.kt:156)
	at org.jetbrains.kotlin.cli.jvm.K2JVMCompiler.doExecute(K2JVMCompiler.kt:50)
	at org.jetbrains.kotlin.cli.common.CLICompiler.execImpl(CLICompiler.kt:104)
	at org.jetbrains.kotlin.cli.common.CLICompiler.execImpl(CLICompiler.kt:48)
	at org.jetbrains.kotlin.cli.common.CLITool.exec(CLITool.kt:101)
	at org.jetbrains.kotlin.incremental.IncrementalJvmCompilerRunner.runCompiler(IncrementalJvmCompilerRunner.kt:456)
	at org.jetbrains.kotlin.incremental.IncrementalJvmCompilerRunner.runCompiler(IncrementalJvmCompilerRunner.kt:62)
	at org.jetbrains.kotlin.incremental.IncrementalCompilerRunner.doCompile(IncrementalCompilerRunner.kt:479)
	at org.jetbrains.kotlin.incremental.IncrementalCompilerRunner.compileImpl(IncrementalCompilerRunner.kt:402)
	at org.jetbrains.kotlin.incremental.IncrementalCompilerRunner.compileNonIncrementally(IncrementalCompilerRunner.kt:283)
	at org.jetbrains.kotlin.incremental.IncrementalCompilerRunner.compile(IncrementalCompilerRunner.kt:125)
	at org.jetbrains.kotlin.daemon.CompileServiceImplBase.execIncrementalCompiler(CompileServiceImpl.kt:691)
	at org.jetbrains.kotlin.daemon.CompileServiceImplBase.access$execIncrementalCompiler(CompileServiceImpl.kt:103)
	at org.jetbrains.kotlin.daemon.CompileServiceImpl.compile(CompileServiceImpl.kt:1678)
	at java.base/jdk.internal.reflect.NativeMethodAccessorImpl.invoke0(Native Method)
	at java.base/jdk.internal.reflect.NativeMethodAccessorImpl.invoke(NativeMethodAccessorImpl.java:77)
	at java.base/jdk.internal.reflect.DelegatingMethodAccessorImpl.invoke(DelegatingMethodAccessorImpl.java:43)
	at java.base/java.lang.reflect.Method.invoke(Method.java:568)
	at java.rmi/sun.rmi.server.UnicastServerRef.dispatch(UnicastServerRef.java:360)
	at java.rmi/sun.rmi.transport.Transport$1.run(Transport.java:200)
	at java.rmi/sun.rmi.transport.Transport$1.run(Transport.java:197)
	at java.base/java.security.AccessController.doPrivileged(AccessController.java:712)
	at java.rmi/sun.rmi.transport.Transport.serviceCall(Transport.java:196)
	at java.rmi/sun.rmi.transport.tcp.TCPTransport.handleMessages(TCPTransport.java:587)
	at java.rmi/sun.rmi.transport.tcp.TCPTransport$ConnectionHandler.run0(TCPTransport.java:828)
	at java.rmi/sun.rmi.transport.tcp.TCPTransport$ConnectionHandler.lambda$run$0(TCPTransport.java:705)
	at java.base/java.security.AccessController.doPrivileged(AccessController.java:399)
	at java.rmi/sun.rmi.transport.tcp.TCPTransport$ConnectionHandler.run(TCPTransport.java:704)
	at java.base/java.util.concurrent.ThreadPoolExecutor.runWorker(ThreadPoolExecutor.java:1136)
	at java.base/java.util.concurrent.ThreadPoolExecutor$Worker.run(ThreadPoolExecutor.java:635)
	at java.base/java.lang.Thread.run(Thread.java:833)
Caused by: java.lang.RuntimeException: Exception while generating code for:
FUN name:OlxjavaTheme visibility:public modality:FINAL <> (darkTheme:kotlin.Boolean, dynamicColor:kotlin.Boolean, content:@[Composable] kotlin.Function0<kotlin.Unit>) returnType:kotlin.Unit
  annotations:
    Composable
  VALUE_PARAMETER name:darkTheme index:0 type:kotlin.Boolean
    EXPRESSION_BODY
      ERROR_EXPR 'Default Stub' type=kotlin.Boolean
  VALUE_PARAMETER name:dynamicColor index:1 type:kotlin.Boolean
    EXPRESSION_BODY
      ERROR_EXPR 'Default Stub' type=kotlin.Boolean
  VALUE_PARAMETER name:content index:2 type:@[Composable] kotlin.Function0<kotlin.Unit>
  BLOCK_BODY
    VAR name:colorScheme type:androidx.compose.material3.ColorScheme [val]
      WHEN type=androidx.compose.material3.ColorScheme origin=WHEN
        BRANCH
          if: CALL 'public final fun ANDAND (arg0: kotlin.Boolean, arg1: kotlin.Boolean): kotlin.Boolean declared in kotlin.internal.ir' type=kotlin.Boolean origin=null
            arg0: GET_VAR 'dynamicColor: kotlin.Boolean declared in com.example.olxjava.ui.theme.ThemeKt.OlxjavaTheme' type=kotlin.Boolean origin=null
            arg1: CALL 'public final fun greaterOrEqual (arg0: kotlin.Int, arg1: kotlin.Int): kotlin.Boolean declared in kotlin.internal.ir' type=kotlin.Boolean origin=GTEQ
              arg0: GET_FIELD 'FIELD IR_EXTERNAL_JAVA_DECLARATION_STUB name:SDK_INT type:kotlin.Int visibility:public [final,static]' type=kotlin.Int origin=GET_PROPERTY
              arg1: CONST Int type=kotlin.Int value=31
          then: BLOCK type=androidx.compose.material3.ColorScheme origin=null
            VAR name:context type:android.content.Context [val]
              CALL 'public final fun <get-current> (): T of androidx.compose.runtime.CompositionLocal [inline] declared in androidx.compose.runtime.CompositionLocal' type=android.content.Context origin=GET_PROPERTY
                $this: TYPE_OP type=androidx.compose.runtime.CompositionLocal<T of androidx.compose.runtime.CompositionLocal> origin=IMPLICIT_CAST typeOperand=androidx.compose.runtime.CompositionLocal<T of androidx.compose.runtime.CompositionLocal>
                  CALL 'public final fun <get-LocalContext> (): androidx.compose.runtime.ProvidableCompositionLocal<android.content.Context> declared in androidx.compose.ui.platform.AndroidCompositionLocals_androidKt' type=androidx.compose.runtime.ProvidableCompositionLocal<android.content.Context> origin=GET_PROPERTY
            WHEN type=androidx.compose.material3.ColorScheme origin=IF
              BRANCH
                if: GET_VAR 'darkTheme: kotlin.Boolean declared in com.example.olxjava.ui.theme.ThemeKt.OlxjavaTheme' type=kotlin.Boolean origin=null
                then: CALL 'public final fun dynamicDarkColorScheme (context: android.content.Context): androidx.compose.material3.ColorScheme declared in androidx.compose.material3.DynamicTonalPaletteKt' type=androidx.compose.material3.ColorScheme origin=null
                  context: GET_VAR 'val context: android.content.Context [val] declared in com.example.olxjava.ui.theme.ThemeKt.OlxjavaTheme' type=android.content.Context origin=null
              BRANCH
                if: CONST Boolean type=kotlin.Boolean value=true
                then: CALL 'public final fun dynamicLightColorScheme (context: android.content.Context): androidx.compose.material3.ColorScheme declared in androidx.compose.material3.DynamicTonalPaletteKt' type=androidx.compose.material3.ColorScheme origin=null
                  context: GET_VAR 'val context: android.content.Context [val] declared in com.example.olxjava.ui.theme.ThemeKt.OlxjavaTheme' type=android.content.Context origin=null
        BRANCH
          if: GET_VAR 'darkTheme: kotlin.Boolean declared in com.example.olxjava.ui.theme.ThemeKt.OlxjavaTheme' type=kotlin.Boolean origin=null
          then: GET_FIELD 'FIELD PROPERTY_BACKING_FIELD name:DarkColorScheme type:androidx.compose.material3.ColorScheme visibility:private [final,static]' type=androidx.compose.material3.ColorScheme origin=null
        BRANCH
          if: CONST Boolean type=kotlin.Boolean value=true
          then: GET_FIELD 'FIELD PROPERTY_BACKING_FIELD name:LightColorScheme type:androidx.compose.material3.ColorScheme visibility:private [final,static]' type=androidx.compose.material3.ColorScheme origin=null
    VAR name:view type:android.view.View [val]
      CALL 'public final fun <get-current> (): T of androidx.compose.runtime.CompositionLocal [inline] declared in androidx.compose.runtime.CompositionLocal' type=android.view.View origin=GET_PROPERTY
        $this: TYPE_OP type=androidx.compose.runtime.CompositionLocal<T of androidx.compose.runtime.CompositionLocal> origin=IMPLICIT_CAST typeOperand=androidx.compose.runtime.CompositionLocal<T of androidx.compose.runtime.CompositionLocal>
          CALL 'public final fun <get-LocalView> (): androidx.compose.runtime.ProvidableCompositionLocal<android.view.View> declared in androidx.compose.ui.platform.AndroidCompositionLocals_androidKt' type=androidx.compose.runtime.ProvidableCompositionLocal<android.view.View> origin=GET_PROPERTY
    WHEN type=kotlin.Unit origin=IF
      BRANCH
        if: CALL 'public final fun not (): kotlin.Boolean [operator] declared in kotlin.Boolean' type=kotlin.Boolean origin=null
          $this: CALL 'public open fun isInEditMode (): kotlin.Boolean declared in android.view.View' type=kotlin.Boolean origin=GET_PROPERTY
            $this: GET_VAR 'val view: android.view.View [val] declared in com.example.olxjava.ui.theme.ThemeKt.OlxjavaTheme' type=android.view.View origin=null
        then: BLOCK type=kotlin.Unit origin=null
          CALL 'public final fun SideEffect (effect: kotlin.Function0<kotlin.Unit>): kotlin.Unit declared in androidx.compose.runtime.EffectsKt' type=kotlin.Unit origin=null
            effect: BLOCK type=com.example.olxjava.ui.theme.ThemeKt.OlxjavaTheme.<no name provided> origin=null
              CLASS LAMBDA_IMPL CLASS name:<no name provided> modality:FINAL visibility:public/*package*/ superTypes:[kotlin.jvm.internal.Lambda; kotlin.Function0<kotlin.Unit>]
                $this: VALUE_PARAMETER INSTANCE_RECEIVER name:<this> type:com.example.olxjava.ui.theme.ThemeKt.OlxjavaTheme.<no name provided>
                CONSTRUCTOR GENERATED_MEMBER_IN_CALLABLE_REFERENCE visibility:public/*package*/ <> ($view:android.view.View, $colorScheme:androidx.compose.material3.ColorScheme, $darkTheme:kotlin.Boolean) returnType:com.example.olxjava.ui.theme.ThemeKt.OlxjavaTheme.<no name provided> [primary]
                  VALUE_PARAMETER BOUND_VALUE_PARAMETER name:$view index:0 type:android.view.View
                  VALUE_PARAMETER BOUND_VALUE_PARAMETER name:$colorScheme index:1 type:androidx.compose.material3.ColorScheme
                  VALUE_PARAMETER BOUND_VALUE_PARAMETER name:$darkTheme index:2 type:kotlin.Boolean
                  BLOCK_BODY
                    SET_FIELD 'FIELD FIELD_FOR_CAPTURED_VALUE name:$view type:android.view.View visibility:public/*package*/ [final]' type=kotlin.Unit origin=INITIALIZER_OF_FIELD_FOR_CAPTURED_VALUE
                      receiver: GET_VAR '<this>: com.example.olxjava.ui.theme.ThemeKt.OlxjavaTheme.<no name provided> declared in com.example.olxjava.ui.theme.ThemeKt.OlxjavaTheme.<no name provided>' type=com.example.olxjava.ui.theme.ThemeKt.OlxjavaTheme.<no name provided> origin=null
                      value: GET_VAR '$view: android.view.View declared in com.example.olxjava.ui.theme.ThemeKt.OlxjavaTheme.<no name provided>.<init>' type=android.view.View origin=null
                    SET_FIELD 'FIELD FIELD_FOR_CAPTURED_VALUE name:$colorScheme type:androidx.compose.material3.ColorScheme visibility:public/*package*/ [final]' type=kotlin.Unit origin=INITIALIZER_OF_FIELD_FOR_CAPTURED_VALUE
                      receiver: GET_VAR '<this>: com.example.olxjava.ui.theme.ThemeKt.OlxjavaTheme.<no name provided> declared in com.example.olxjava.ui.theme.ThemeKt.OlxjavaTheme.<no name provided>' type=com.example.olxjava.ui.theme.ThemeKt.OlxjavaTheme.<no name provided> origin=null
                      value: GET_VAR '$colorScheme: androidx.compose.material3.ColorScheme declared in com.example.olxjava.ui.theme.ThemeKt.OlxjavaTheme.<no name provided>.<init>' type=androidx.compose.material3.ColorScheme origin=null
                    SET_FIELD 'FIELD FIELD_FOR_CAPTURED_VALUE name:$darkTheme type:kotlin.Boolean visibility:public/*package*/ [final]' type=kotlin.Unit origin=INITIALIZER_OF_FIELD_FOR_CAPTURED_VALUE
                      receiver: GET_VAR '<this>: com.example.olxjava.ui.theme.ThemeKt.OlxjavaTheme.<no name provided> declared in com.example.olxjava.ui.theme.ThemeKt.OlxjavaTheme.<no name provided>' type=com.example.olxjava.ui.theme.ThemeKt.OlxjavaTheme.<no name provided> origin=null
                      value: GET_VAR '$darkTheme: kotlin.Boolean declared in com.example.olxjava.ui.theme.ThemeKt.OlxjavaTheme.<no name provided>.<init>' type=kotlin.Boolean origin=null
                    DELEGATING_CONSTRUCTOR_CALL 'public constructor <init> (arity: kotlin.Int) declared in kotlin.jvm.internal.Lambda'
                      arity: CONST Int type=kotlin.Int value=0
                    BLOCK type=kotlin.Unit origin=null
                FUN name:invoke visibility:public modality:FINAL <> ($this:com.example.olxjava.ui.theme.ThemeKt.OlxjavaTheme.<no name provided>) returnType:kotlin.Unit
                  overridden:
                    public abstract fun invoke (): R of kotlin.Function0 [operator] declared in kotlin.Function0
                  $this: VALUE_PARAMETER INSTANCE_RECEIVER name:<this> type:com.example.olxjava.ui.theme.ThemeKt.OlxjavaTheme.<no name provided>
                  BLOCK_BODY
                    VAR name:window type:@[FlexibleNullability] android.view.Window? [val]
                      CALL 'public open fun getWindow (): @[FlexibleNullability] android.view.Window? declared in android.app.Activity' type=@[FlexibleNullability] android.view.Window? origin=GET_PROPERTY
                        $this: BLOCK type=android.app.Activity origin=null
                          VAR IR_TEMPORARY_VARIABLE name:tmp0 type:kotlin.Any? [val]
                            CALL 'public final fun getContext (): @[FlexibleNullability] android.content.Context? declared in android.view.View' type=@[FlexibleNullability] android.content.Context? origin=GET_PROPERTY
                              $this: GET_FIELD 'FIELD FIELD_FOR_CAPTURED_VALUE name:$view type:android.view.View visibility:public/*package*/ [final]' type=android.view.View origin=null
                                receiver: GET_VAR '<this>: com.example.olxjava.ui.theme.ThemeKt.OlxjavaTheme.<no name provided> declared in com.example.olxjava.ui.theme.ThemeKt.OlxjavaTheme.<no name provided>.invoke' type=com.example.olxjava.ui.theme.ThemeKt.OlxjavaTheme.<no name provided> origin=null
                          CALL 'public final fun checkNotNull (object: kotlin.Any?, message: kotlin.String): kotlin.Unit declared in kotlin.jvm.internal.Intrinsics' type=kotlin.Unit origin=null
                            object: GET_VAR 'val tmp0: kotlin.Any? [val] declared in com.example.olxjava.ui.theme.ThemeKt.OlxjavaTheme.<no name provided>.invoke' type=kotlin.Any? origin=null
                            message: CONST String type=kotlin.String value="null cannot be cast to non-null type android.app.Activity"
                          TYPE_OP type=android.app.Activity? origin=CAST typeOperand=android.app.Activity?
                            GET_VAR 'val tmp0: kotlin.Any? [val] declared in com.example.olxjava.ui.theme.ThemeKt.OlxjavaTheme.<no name provided>.invoke' type=kotlin.Any? origin=null
                    CALL 'public abstract fun setStatusBarColor (p0: kotlin.Int): kotlin.Unit declared in android.view.Window' type=kotlin.Unit origin=EQ
                      $this: GET_VAR 'val window: @[FlexibleNullability] android.view.Window? [val] declared in com.example.olxjava.ui.theme.ThemeKt.OlxjavaTheme.<no name provided>.invoke' type=@[FlexibleNullability] android.view.Window? origin=null
                      p0: CALL 'public final fun toArgb-8_81llA (): kotlin.Int declared in androidx.compose.ui.graphics.ColorKt' type=kotlin.Int origin=null
                        $receiver: CALL 'public final fun getPrimary-0d7_KjU (): androidx.compose.ui.graphics.Color declared in androidx.compose.material3.ColorScheme' type=androidx.compose.ui.graphics.Color origin=GET_PROPERTY
                          $this: GET_FIELD 'FIELD FIELD_FOR_CAPTURED_VALUE name:$colorScheme type:androidx.compose.material3.ColorScheme visibility:public/*package*/ [final]' type=androidx.compose.material3.ColorScheme origin=null
                            receiver: GET_VAR '<this>: com.example.olxjava.ui.theme.ThemeKt.OlxjavaTheme.<no name provided> declared in com.example.olxjava.ui.theme.ThemeKt.OlxjavaTheme.<no name provided>.invoke' type=com.example.olxjava.ui.theme.ThemeKt.OlxjavaTheme.<no name provided> origin=null
                    CALL 'public open fun setAppearanceLightStatusBars (p0: kotlin.Boolean): kotlin.Unit declared in androidx.core.view.WindowInsetsControllerCompat' type=kotlin.Unit origin=EQ
                      $this: CALL 'public open fun getInsetsController (p0: @[EnhancedNullability] android.view.Window, p1: @[EnhancedNullability] android.view.View): @[EnhancedNullability] androidx.core.view.WindowInsetsControllerCompat declared in androidx.core.view.WindowCompat' type=@[EnhancedNullability] androidx.core.view.WindowInsetsControllerCompat origin=null
                        p0: GET_VAR 'val window: @[FlexibleNullability] android.view.Window? [val] declared in com.example.olxjava.ui.theme.ThemeKt.OlxjavaTheme.<no name provided>.invoke' type=@[FlexibleNullability] android.view.Window? origin=null
                        p1: GET_FIELD 'FIELD FIELD_FOR_CAPTURED_VALUE name:$view type:android.view.View visibility:public/*package*/ [final]' type=android.view.View origin=null
                          receiver: GET_VAR '<this>: com.example.olxjava.ui.theme.ThemeKt.OlxjavaTheme.<no name provided> declared in com.example.olxjava.ui.theme.ThemeKt.OlxjavaTheme.<no name provided>.invoke' type=com.example.olxjava.ui.theme.ThemeKt.OlxjavaTheme.<no name provided> origin=null
                      p0: GET_FIELD 'FIELD FIELD_FOR_CAPTURED_VALUE name:$darkTheme type:kotlin.Boolean visibility:public/*package*/ [final]' type=kotlin.Boolean origin=null
                        receiver: GET_VAR '<this>: com.example.olxjava.ui.theme.ThemeKt.OlxjavaTheme.<no name provided> declared in com.example.olxjava.ui.theme.ThemeKt.OlxjavaTheme.<no name provided>.invoke' type=com.example.olxjava.ui.theme.ThemeKt.OlxjavaTheme.<no name provided> origin=null
                FIELD FIELD_FOR_CAPTURED_VALUE name:$view type:android.view.View visibility:public/*package*/ [final]
                FIELD FIELD_FOR_CAPTURED_VALUE name:$colorScheme type:androidx.compose.material3.ColorScheme visibility:public/*package*/ [final]
                FIELD FIELD_FOR_CAPTURED_VALUE name:$darkTheme type:kotlin.Boolean visibility:public/*package*/ [final]
                FUN BRIDGE name:invoke visibility:public modality:OPEN <> ($this:com.example.olxjava.ui.theme.ThemeKt.OlxjavaTheme.<no name provided>) returnType:kotlin.Any?
                  $this: VALUE_PARAMETER INSTANCE_RECEIVER name:<this> type:com.example.olxjava.ui.theme.ThemeKt.OlxjavaTheme.<no name provided>
                  EXPRESSION_BODY
                    RETURN type=kotlin.Nothing from='public open fun invoke (): kotlin.Any? declared in com.example.olxjava.ui.theme.ThemeKt.OlxjavaTheme.<no name provided>'
                      CALL 'public final fun invoke (): kotlin.Unit declared in com.example.olxjava.ui.theme.ThemeKt.OlxjavaTheme.<no name provided>' type=kotlin.Unit origin=BRIDGE_DELEGATION
                        $this: GET_VAR '<this>: com.example.olxjava.ui.theme.ThemeKt.OlxjavaTheme.<no name provided> declared in com.example.olxjava.ui.theme.ThemeKt.OlxjavaTheme.<no name provided>.invoke' type=com.example.olxjava.ui.theme.ThemeKt.OlxjavaTheme.<no name provided> origin=null
              CONSTRUCTOR_CALL 'public/*package*/ constructor <init> ($view: android.view.View, $colorScheme: androidx.compose.material3.ColorScheme, $darkTheme: kotlin.Boolean) [primary] declared in com.example.olxjava.ui.theme.ThemeKt.OlxjavaTheme.<no name provided>' type=com.example.olxjava.ui.theme.ThemeKt.OlxjavaTheme.<no name provided> origin=null
                $view: GET_VAR 'val view: android.view.View [val] declared in com.example.olxjava.ui.theme.ThemeKt.OlxjavaTheme' type=android.view.View origin=null
                $colorScheme: GET_VAR 'val colorScheme: androidx.compose.material3.ColorScheme [val] declared in com.example.olxjava.ui.theme.ThemeKt.OlxjavaTheme' type=androidx.compose.material3.ColorScheme origin=null
                $darkTheme: GET_VAR 'darkTheme: kotlin.Boolean declared in com.example.olxjava.ui.theme.ThemeKt.OlxjavaTheme' type=kotlin.Boolean origin=null
    CALL 'public final fun MaterialTheme$default (colorScheme: androidx.compose.material3.ColorScheme?, shapes: androidx.compose.material3.Shapes?, typography: androidx.compose.material3.Typography?, content: @[Composable] kotlin.Function0<kotlin.Unit>, $mask0: kotlin.Int, $handler: kotlin.Any?): kotlin.Unit declared in androidx.compose.material3.MaterialThemeKt' type=kotlin.Unit origin=DEFAULT_DISPATCH_CALL
      colorScheme: GET_VAR 'val colorScheme: androidx.compose.material3.ColorScheme [val] declared in com.example.olxjava.ui.theme.ThemeKt.OlxjavaTheme' type=androidx.compose.material3.ColorScheme origin=null
      shapes: COMPOSITE type=androidx.compose.material3.Shapes? origin=DEFAULT_VALUE
        CONST Null type=androidx.compose.material3.Shapes? value=null
      typography: CALL 'public final fun <get-Typography> (): androidx.compose.material3.Typography declared in com.example.olxjava.ui.theme.TypeKt' type=androidx.compose.material3.Typography origin=GET_PROPERTY
      content: GET_VAR 'content: @[Composable] kotlin.Function0<kotlin.Unit> declared in com.example.olxjava.ui.theme.ThemeKt.OlxjavaTheme' type=@[Composable] kotlin.Function0<kotlin.Unit> origin=null
      $mask0: CONST Int type=kotlin.Int value=2
      $handler: CONST Null type=kotlin.Any? value=null

	at org.jetbrains.kotlin.backend.jvm.codegen.FunctionCodegen.generate(FunctionCodegen.kt:52)
	at org.jetbrains.kotlin.backend.jvm.codegen.FunctionCodegen.generate$default(FunctionCodegen.kt:44)
	at org.jetbrains.kotlin.backend.jvm.codegen.ClassCodegen.generateMethodNode(ClassCodegen.kt:394)
	at org.jetbrains.kotlin.backend.jvm.codegen.ClassCodegen.generateMethod(ClassCodegen.kt:411)
	at org.jetbrains.kotlin.backend.jvm.codegen.ClassCodegen.generate(ClassCodegen.kt:173)
	at org.jetbrains.kotlin.backend.jvm.FileCodegen.lower(JvmPhases.kt:41)
	at org.jetbrains.kotlin.backend.common.phaser.PhaseBuildersKt$makeIrFilePhase$2.invoke(PhaseBuilders.kt:136)
	at org.jetbrains.kotlin.backend.common.phaser.PhaseBuildersKt$makeIrFilePhase$2.invoke(PhaseBuilders.kt:128)
	at org.jetbrains.kotlin.backend.common.phaser.PhaseBuildersKt$createSimpleNamedCompilerPhase$1.phaseBody(PhaseBuilders.kt:72)
	at org.jetbrains.kotlin.backend.common.phaser.SimpleNamedCompilerPhase.phaseBody(CompilerPhase.kt:226)
	at org.jetbrains.kotlin.backend.common.phaser.AbstractNamedCompilerPhase.invoke(CompilerPhase.kt:113)
	at org.jetbrains.kotlin.backend.common.phaser.PerformByIrFilePhase.invokeSequential(performByIrFile.kt:62)
	... 45 more
Caused by: org.jetbrains.kotlin.codegen.CompilationException: Back-end (JVM) Internal error: Couldn't inline method call: CALL 'public final fun <get-current> (): T of androidx.compose.runtime.CompositionLocal [inline] declared in androidx.compose.runtime.CompositionLocal' type=android.content.Context origin=GET_PROPERTY
Method: null
File is unknown
The root cause java.lang.IllegalStateException was thrown at: org.jetbrains.kotlin.codegen.inline.SourceCompilerForInlineKt.getMethodNode(SourceCompilerForInline.kt:118)
	at org.jetbrains.kotlin.codegen.inline.InlineCodegen.performInline(InlineCodegen.kt:65)
	at org.jetbrains.kotlin.backend.jvm.codegen.IrInlineCodegen.genInlineCall(IrInlineCodegen.kt:162)
	at org.jetbrains.kotlin.backend.jvm.codegen.IrInlineCallGenerator.genCall(IrInlineCallGenerator.kt:36)
	at org.jetbrains.kotlin.backend.jvm.codegen.ExpressionCodegen.visitCall(ExpressionCodegen.kt:631)
	at org.jetbrains.kotlin.backend.jvm.codegen.ExpressionCodegen.visitCall(ExpressionCodegen.kt:137)
	at org.jetbrains.kotlin.ir.expressions.IrCall.accept(IrCall.kt:26)
	at org.jetbrains.kotlin.backend.jvm.codegen.ExpressionCodegen.visitVariable(ExpressionCodegen.kt:761)
	at org.jetbrains.kotlin.backend.jvm.codegen.ExpressionCodegen.visitVariable(ExpressionCodegen.kt:137)
	at org.jetbrains.kotlin.ir.declarations.IrVariable.accept(IrVariable.kt:38)
	at org.jetbrains.kotlin.backend.jvm.codegen.ExpressionCodegen.visitStatementContainer(ExpressionCodegen.kt:566)
	at org.jetbrains.kotlin.backend.jvm.codegen.ExpressionCodegen.visitContainerExpression(ExpressionCodegen.kt:580)
	at org.jetbrains.kotlin.backend.jvm.codegen.ExpressionCodegen.visitContainerExpression(ExpressionCodegen.kt:137)
	at org.jetbrains.kotlin.ir.visitors.IrElementVisitor$DefaultImpls.visitBlock(IrElementVisitor.kt:122)
	at org.jetbrains.kotlin.backend.jvm.codegen.ExpressionCodegen.visitBlock(ExpressionCodegen.kt:400)
	at org.jetbrains.kotlin.backend.jvm.codegen.ExpressionCodegen.visitBlock(ExpressionCodegen.kt:137)
	at org.jetbrains.kotlin.ir.expressions.IrBlock.accept(IrBlock.kt:20)
	at org.jetbrains.kotlin.backend.jvm.codegen.ExpressionCodegen.visitWhen(ExpressionCodegen.kt:1072)
	at org.jetbrains.kotlin.backend.jvm.codegen.ExpressionCodegen.visitWhen(ExpressionCodegen.kt:137)
	at org.jetbrains.kotlin.ir.expressions.IrWhen.accept(IrWhen.kt:26)
	at org.jetbrains.kotlin.backend.jvm.codegen.ExpressionCodegen.visitVariable(ExpressionCodegen.kt:761)
	at org.jetbrains.kotlin.backend.jvm.codegen.ExpressionCodegen.visitVariable(ExpressionCodegen.kt:137)
	at org.jetbrains.kotlin.ir.declarations.IrVariable.accept(IrVariable.kt:38)
	at org.jetbrains.kotlin.backend.jvm.codegen.ExpressionCodegen.visitStatementContainer(ExpressionCodegen.kt:566)
	at org.jetbrains.kotlin.backend.jvm.codegen.ExpressionCodegen.visitBlockBody(ExpressionCodegen.kt:571)
	at org.jetbrains.kotlin.backend.jvm.codegen.ExpressionCodegen.visitBlockBody(ExpressionCodegen.kt:137)
	at org.jetbrains.kotlin.ir.expressions.IrBlockBody.accept(IrBlockBody.kt:25)
	at org.jetbrains.kotlin.backend.jvm.codegen.ExpressionCodegen.generate(ExpressionCodegen.kt:232)
	at org.jetbrains.kotlin.backend.jvm.codegen.FunctionCodegen.doGenerate(FunctionCodegen.kt:123)
	at org.jetbrains.kotlin.backend.jvm.codegen.FunctionCodegen.generate(FunctionCodegen.kt:48)
	... 56 more
Caused by: java.lang.IllegalStateException: couldn't find inline method Landroidx/compose/runtime/CompositionLocal;.getCurrent()Ljava/lang/Object;
	at org.jetbrains.kotlin.codegen.inline.SourceCompilerForInlineKt.getMethodNode(SourceCompilerForInline.kt:118)
	at org.jetbrains.kotlin.codegen.inline.SourceCompilerForInlineKt.loadCompiledInlineFunction(SourceCompilerForInline.kt:96)
	at org.jetbrains.kotlin.backend.jvm.codegen.IrSourceCompilerForInline.compileInlineFunction(IrSourceCompilerForInline.kt:91)
	at org.jetbrains.kotlin.codegen.inline.InlineCodegen.compileInline(InlineCodegen.kt:43)
	at org.jetbrains.kotlin.codegen.inline.InlineCodegen.performInline(InlineCodegen.kt:51)
	... 84 more


